
-------------------------------------
Date :: 19-04-2021 22:14:15
NameSpace :: UsersController
Method :: GetByContentDetailes
Values :: 
Error Message :: An error occurred while deserializing the Id property of class EVCharging.Models.MstChargingAbout: Cannot deserialize a 'String' from BsonType 'ObjectId'.
Exception ::System.FormatException: An error occurred while deserializing the Id property of class EVCharging.Models.MstChargingAbout: Cannot deserialize a 'String' from BsonType 'ObjectId'.
 ---> System.FormatException: Cannot deserialize a 'String' from BsonType 'ObjectId'.
   at MongoDB.Bson.Serialization.Serializers.StringSerializer.DeserializeValue(BsonDeserializationContext context, BsonDeserializationArgs args)
   at MongoDB.Bson.Serialization.Serializers.SealedClassSerializerBase`1.Deserialize(BsonDeserializationContext context, BsonDeserializationArgs args)
   at MongoDB.Bson.Serialization.Serializers.SerializerBase`1.MongoDB.Bson.Serialization.IBsonSerializer.Deserialize(BsonDeserializationContext context, BsonDeserializationArgs args)
   at MongoDB.Bson.Serialization.IBsonSerializerExtensions.Deserialize(IBsonSerializer serializer, BsonDeserializationContext context)
   at MongoDB.Bson.Serialization.BsonClassMapSerializer`1.DeserializeMemberValue(BsonDeserializationContext context, BsonMemberMap memberMap)
   --- End of inner exception stack trace ---
   at MongoDB.Bson.Serialization.BsonClassMapSerializer`1.DeserializeMemberValue(BsonDeserializationContext context, BsonMemberMap memberMap)
   at MongoDB.Bson.Serialization.BsonClassMapSerializer`1.DeserializeClass(BsonDeserializationContext context)
   at MongoDB.Bson.Serialization.BsonClassMapSerializer`1.Deserialize(BsonDeserializationContext context, BsonDeserializationArgs args)
   at MongoDB.Bson.Serialization.IBsonSerializerExtensions.Deserialize[TValue](IBsonSerializer`1 serializer, BsonDeserializationContext context)
   at MongoDB.Driver.Core.Operations.CursorBatchDeserializationHelper.DeserializeBatch[TDocument](RawBsonArray batch, IBsonSerializer`1 documentSerializer, MessageEncoderSettings messageEncoderSettings)
   at MongoDB.Driver.Core.Operations.FindCommandOperation`1.CreateCursorBatch(BsonDocument commandResult)
   at MongoDB.Driver.Core.Operations.FindCommandOperation`1.CreateCursor(IChannelSourceHandle channelSource, BsonDocument commandResult)
   at MongoDB.Driver.Core.Operations.FindCommandOperation`1.Execute(RetryableReadContext context, CancellationToken cancellationToken)
   at MongoDB.Driver.Core.Operations.FindOperation`1.Execute(RetryableReadContext context, CancellationToken cancellationToken)
   at MongoDB.Driver.Core.Operations.FindOperation`1.Execute(IReadBinding binding, CancellationToken cancellationToken)
   at MongoDB.Driver.OperationExecutor.ExecuteReadOperation[TResult](IReadBinding binding, IReadOperation`1 operation, CancellationToken cancellationToken)
   at MongoDB.Driver.MongoCollectionImpl`1.ExecuteReadOperation[TResult](IClientSessionHandle session, IReadOperation`1 operation, ReadPreference readPreference, CancellationToken cancellationToken)
   at MongoDB.Driver.MongoCollectionImpl`1.ExecuteReadOperation[TResult](IClientSessionHandle session, IReadOperation`1 operation, CancellationToken cancellationToken)
   at MongoDB.Driver.MongoCollectionImpl`1.FindSync[TProjection](IClientSessionHandle session, FilterDefinition`1 filter, FindOptions`2 options, CancellationToken cancellationToken)
   at MongoDB.Driver.MongoCollectionImpl`1.<>c__DisplayClass41_0`1.<FindSync>b__0(IClientSessionHandle session)
   at MongoDB.Driver.MongoCollectionImpl`1.UsingImplicitSession[TResult](Func`2 func, CancellationToken cancellationToken)
   at MongoDB.Driver.MongoCollectionImpl`1.FindSync[TProjection](FilterDefinition`1 filter, FindOptions`2 options, CancellationToken cancellationToken)
   at MongoDB.Driver.FindFluent`2.ToCursor(CancellationToken cancellationToken)
   at MongoDB.Driver.IAsyncCursorSourceExtensions.FirstOrDefault[TDocument](IAsyncCursorSource`1 source, CancellationToken cancellationToken)
   at MongoDB.Driver.IFindFluentExtensions.FirstOrDefault[TDocument,TProjection](IFindFluent`2 find, CancellationToken cancellationToken)
   at EVCharging.Services.UserServices.GetByContentDetailes() in E:\VAFIIS\NewCoreProject\EVCharging\EVCharging.Services\Services\UserServices.cs:line 121
   at EVCharging.Controllers.UsersController.GetByContentDetailes() in E:\VAFIIS\NewCoreProject\EVCharging\EVCharging\Controllers\UsersController.cs:line 184
-------------------------------------


